[2022-08-19 00:49:24,299] {taskinstance.py:1159} INFO - Dependencies all met for <TaskInstance: docker_dag.run_docker manual__2022-08-19T00:49:18.514392+00:00 [queued]>
[2022-08-19 00:49:24,335] {taskinstance.py:1159} INFO - Dependencies all met for <TaskInstance: docker_dag.run_docker manual__2022-08-19T00:49:18.514392+00:00 [queued]>
[2022-08-19 00:49:24,337] {taskinstance.py:1356} INFO - 
--------------------------------------------------------------------------------
[2022-08-19 00:49:24,338] {taskinstance.py:1357} INFO - Starting attempt 1 of 2
[2022-08-19 00:49:24,339] {taskinstance.py:1358} INFO - 
--------------------------------------------------------------------------------
[2022-08-19 00:49:24,373] {taskinstance.py:1377} INFO - Executing <Task(DockerOperator): run_docker> on 2022-08-19 00:49:18.514392+00:00
[2022-08-19 00:49:24,388] {standard_task_runner.py:52} INFO - Started process 120 to run task
[2022-08-19 00:49:24,398] {standard_task_runner.py:79} INFO - Running: ['***', 'tasks', 'run', 'docker_dag', 'run_docker', 'manual__2022-08-19T00:49:18.514392+00:00', '--job-id', '601', '--raw', '--subdir', 'DAGS_FOLDER/docker_dag.py', '--cfg-path', '/tmp/tmpchtk3kye', '--error-file', '/tmp/tmp8x5gfwmi']
[2022-08-19 00:49:24,400] {standard_task_runner.py:80} INFO - Job 601: Subtask run_docker
[2022-08-19 00:49:24,570] {task_command.py:369} INFO - Running <TaskInstance: docker_dag.run_docker manual__2022-08-19T00:49:18.514392+00:00 [running]> on host c9793222051f
[2022-08-19 00:49:24,767] {taskinstance.py:1571} INFO - Exporting the following env vars:
AIRFLOW_CTX_DAG_OWNER=***
AIRFLOW_CTX_DAG_ID=docker_dag
AIRFLOW_CTX_TASK_ID=run_docker
AIRFLOW_CTX_EXECUTION_DATE=2022-08-19T00:49:18.514392+00:00
AIRFLOW_CTX_TRY_NUMBER=1
AIRFLOW_CTX_DAG_RUN_ID=manual__2022-08-19T00:49:18.514392+00:00
[2022-08-19 00:49:24,825] {docker.py:247} INFO - Starting docker container from image alpine:latest
[2022-08-19 00:49:24,846] {docker.py:258} WARNING - Using remote engine or docker-in-docker and mounting temporary volume from host is not supported. Falling back to `mount_tmp_dir=False` mode. You can set `mount_tmp_dir` parameter to False to disable mounting and remove the warning
[2022-08-19 00:49:25,614] {taskinstance.py:1889} ERROR - Task failed with exception
Traceback (most recent call last):
  File "/home/airflow/.local/lib/python3.7/site-packages/docker/api/client.py", line 268, in _raise_for_status
    response.raise_for_status()
  File "/home/airflow/.local/lib/python3.7/site-packages/requests/models.py", line 960, in raise_for_status
    raise HTTPError(http_error_msg, response=self)
requests.exceptions.HTTPError: 400 Client Error: Bad Request for url: http://docker-proxy:2375/v1.41/containers/create

During handling of the above exception, another exception occurred:

Traceback (most recent call last):
  File "/home/airflow/.local/lib/python3.7/site-packages/airflow/providers/docker/operators/docker.py", line 254, in _run_image
    return self._run_image_with_mounts(self.mounts + [tmp_mount], add_tmp_variable=True)
  File "/home/airflow/.local/lib/python3.7/site-packages/airflow/providers/docker/operators/docker.py", line 298, in _run_image_with_mounts
    tty=self.tty,
  File "/home/airflow/.local/lib/python3.7/site-packages/docker/api/container.py", line 428, in create_container
    return self.create_container_from_config(config, name)
  File "/home/airflow/.local/lib/python3.7/site-packages/docker/api/container.py", line 439, in create_container_from_config
    return self._result(res, True)
  File "/home/airflow/.local/lib/python3.7/site-packages/docker/api/client.py", line 274, in _result
    self._raise_for_status(response)
  File "/home/airflow/.local/lib/python3.7/site-packages/docker/api/client.py", line 270, in _raise_for_status
    raise create_api_error_from_http_exception(e)
  File "/home/airflow/.local/lib/python3.7/site-packages/docker/errors.py", line 31, in create_api_error_from_http_exception
    raise cls(e, response=response, explanation=explanation)
docker.errors.APIError: 400 Client Error for http://docker-proxy:2375/v1.41/containers/create: Bad Request ("invalid mount config for type "bind": bind source path does not exist: /tmp/airflowtmpag9c8z4e")

During handling of the above exception, another exception occurred:

Traceback (most recent call last):
  File "/home/airflow/.local/lib/python3.7/site-packages/docker/api/client.py", line 268, in _raise_for_status
    response.raise_for_status()
  File "/home/airflow/.local/lib/python3.7/site-packages/requests/models.py", line 960, in raise_for_status
    raise HTTPError(http_error_msg, response=self)
requests.exceptions.HTTPError: 400 Client Error: Bad Request for url: http://docker-proxy:2375/v1.41/containers/18057bf4fb8519d0e2701dfcba7798ddf53f24b65b2d92e044e084936ddecacd/start

During handling of the above exception, another exception occurred:

Traceback (most recent call last):
  File "/home/airflow/.local/lib/python3.7/site-packages/airflow/providers/docker/operators/docker.py", line 387, in execute
    return self._run_image()
  File "/home/airflow/.local/lib/python3.7/site-packages/airflow/providers/docker/operators/docker.py", line 263, in _run_image
    return self._run_image_with_mounts(self.mounts, add_tmp_variable=False)
  File "/home/airflow/.local/lib/python3.7/site-packages/airflow/providers/docker/operators/docker.py", line 302, in _run_image_with_mounts
    self.cli.start(self.container['Id'])
  File "/home/airflow/.local/lib/python3.7/site-packages/docker/utils/decorators.py", line 19, in wrapped
    return f(self, resource_id, *args, **kwargs)
  File "/home/airflow/.local/lib/python3.7/site-packages/docker/api/container.py", line 1109, in start
    self._raise_for_status(res)
  File "/home/airflow/.local/lib/python3.7/site-packages/docker/api/client.py", line 270, in _raise_for_status
    raise create_api_error_from_http_exception(e)
  File "/home/airflow/.local/lib/python3.7/site-packages/docker/errors.py", line 31, in create_api_error_from_http_exception
    raise cls(e, response=response, explanation=explanation)
docker.errors.APIError: 400 Client Error for http://docker-proxy:2375/v1.41/containers/18057bf4fb8519d0e2701dfcba7798ddf53f24b65b2d92e044e084936ddecacd/start: Bad Request ("failed to create shim task: OCI runtime create failed: runc create failed: unable to start container process: exec: "/bin/bash": stat /bin/bash: no such file or directory: unknown")
[2022-08-19 00:49:25,648] {taskinstance.py:1400} INFO - Marking task as UP_FOR_RETRY. dag_id=docker_dag, task_id=run_docker, execution_date=20220819T004918, start_date=20220819T004924, end_date=20220819T004925
[2022-08-19 00:49:25,678] {standard_task_runner.py:97} ERROR - Failed to execute job 601 for task run_docker (400 Client Error for http://docker-proxy:2375/v1.41/containers/18057bf4fb8519d0e2701dfcba7798ddf53f24b65b2d92e044e084936ddecacd/start: Bad Request ("failed to create shim task: OCI runtime create failed: runc create failed: unable to start container process: exec: "/bin/bash": stat /bin/bash: no such file or directory: unknown"); 120)
[2022-08-19 00:49:25,741] {local_task_job.py:156} INFO - Task exited with return code 1
[2022-08-19 00:49:25,853] {local_task_job.py:273} INFO - 0 downstream tasks scheduled from follow-on schedule check
